{
  "RSpec": {
    "coverage": {
      "/Users/ggoodrich/projects/sitepoint/sp-json-schema-rails/app/controllers/accounts_controller.rb": [
        1,
        null,
        null,
        1,
        2,
        null,
        null,
        null,
        1,
        1,
        1,
        1,
        1,
        null,
        1,
        null,
        1,
        null,
        0,
        null,
        null,
        null,
        null,
        1,
        1,
        1,
        1,
        1,
        1,
        null,
        1,
        null,
        1,
        null,
        0,
        null,
        null,
        null,
        1,
        null,
        1,
        2,
        2,
        2,
        2,
        null,
        null,
        1,
        null,
        null,
        null,
        1,
        1,
        null,
        null,
        1,
        null,
        2,
        null,
        null,
        1,
        2,
        null,
        null,
        1,
        2,
        null,
        0,
        null,
        null
      ],
      "/Users/ggoodrich/projects/sitepoint/sp-json-schema-rails/app/controllers/application_controller.rb": [
        1,
        null,
        null,
        1,
        null,
        1,
        6,
        null,
        null
      ],
      "/Users/ggoodrich/projects/sitepoint/sp-json-schema-rails/app/models/account.rb": [
        1,
        1,
        1,
        1,
        null,
        1,
        5,
        5,
        5,
        null,
        null
      ],
      "/Users/ggoodrich/projects/sitepoint/sp-json-schema-rails/app/models/encryptor.rb": [
        1,
        1,
        null,
        1,
        1,
        1,
        null,
        1,
        5,
        null,
        null,
        1,
        5,
        null,
        null,
        1,
        0,
        null,
        null
      ]
    },
    "timestamp": 1439666474
  }
}
